This file contains any messages produced by compilers while
running configure, to aid debugging if configure makes a mistake.

It was created by mhuxd configure 0.56, which was
generated by GNU Autoconf 2.71.  Invocation command line was

  $ ./configure

## --------- ##
## Platform. ##
## --------- ##

hostname = runnervmwffz4
uname -m = x86_64
uname -r = 6.11.0-1018-azure
uname -s = Linux
uname -v = #18~24.04.1-Ubuntu SMP Sat Jun 28 04:46:03 UTC 2025

/usr/bin/uname -p = x86_64
/bin/uname -X     = unknown

/bin/arch              = x86_64
/usr/bin/arch -k       = unknown
/usr/convex/getsysinfo = unknown
/usr/bin/hostinfo      = unknown
/bin/machine           = unknown
/usr/bin/oslevel       = unknown
/bin/universe          = unknown

PATH: /home/runner/work/_temp/ghcca-node/node/bin/
PATH: /snap/bin/
PATH: /home/runner/.local/bin/
PATH: /opt/pipx_bin/
PATH: /home/runner/.cargo/bin/
PATH: /home/runner/.config/composer/vendor/bin/
PATH: /usr/local/.ghcup/bin/
PATH: /home/runner/.dotnet/tools/
PATH: /usr/local/sbin/
PATH: /usr/local/bin/
PATH: /usr/sbin/
PATH: /usr/bin/
PATH: /sbin/
PATH: /bin/
PATH: /usr/games/
PATH: /usr/local/games/
PATH: /snap/bin/


## ----------- ##
## Core tests. ##
## ----------- ##

configure:2579: looking for aux files: config.guess config.sub ar-lib compile missing install-sh
configure:2592:  trying ./
configure:2621:   ./config.guess found
configure:2621:   ./config.sub found
configure:2621:   ./ar-lib found
configure:2621:   ./compile found
configure:2621:   ./missing found
configure:2603:   ./install-sh found
configure:2750: checking for a BSD-compatible install
configure:2823: result: /usr/bin/install -c
configure:2834: checking whether build environment is sane
configure:2889: result: yes
configure:3048: checking for a race-free mkdir -p
configure:3092: result: /usr/bin/mkdir -p
configure:3099: checking for gawk
configure:3120: found /usr/bin/gawk
configure:3131: result: gawk
configure:3142: checking whether make sets $(MAKE)
configure:3165: result: yes
configure:3195: checking whether make supports nested variables
configure:3213: result: yes
configure:3412: checking for gcc
configure:3433: found /usr/bin/gcc
configure:3444: result: gcc
configure:3797: checking for C compiler version
configure:3806: gcc --version >&5
gcc (Ubuntu 13.3.0-6ubuntu2~24.04) 13.3.0
Copyright (C) 2023 Free Software Foundation, Inc.
This is free software; see the source for copying conditions.  There is NO
warranty; not even for MERCHANTABILITY or FITNESS FOR A PARTICULAR PURPOSE.

configure:3817: $? = 0
configure:3806: gcc -v >&5
Using built-in specs.
COLLECT_GCC=gcc
COLLECT_LTO_WRAPPER=/usr/libexec/gcc/x86_64-linux-gnu/13/lto-wrapper
OFFLOAD_TARGET_NAMES=nvptx-none:amdgcn-amdhsa
OFFLOAD_TARGET_DEFAULT=1
Target: x86_64-linux-gnu
Configured with: ../src/configure -v --with-pkgversion='Ubuntu 13.3.0-6ubuntu2~24.04' --with-bugurl=file:///usr/share/doc/gcc-13/README.Bugs --enable-languages=c,ada,c++,go,d,fortran,objc,obj-c++,m2 --prefix=/usr --with-gcc-major-version-only --program-suffix=-13 --program-prefix=x86_64-linux-gnu- --enable-shared --enable-linker-build-id --libexecdir=/usr/libexec --without-included-gettext --enable-threads=posix --libdir=/usr/lib --enable-nls --enable-bootstrap --enable-clocale=gnu --enable-libstdcxx-debug --enable-libstdcxx-time=yes --with-default-libstdcxx-abi=new --enable-libstdcxx-backtrace --enable-gnu-unique-object --disable-vtable-verify --enable-plugin --enable-default-pie --with-system-zlib --enable-libphobos-checking=release --with-target-system-zlib=auto --enable-objc-gc=auto --enable-multiarch --disable-werror --enable-cet --with-arch-32=i686 --with-abi=m64 --with-multilib-list=m32,m64,mx32 --enable-multilib --with-tune=generic --enable-offload-targets=nvptx-none=/build/gcc-13-fG75Ri/gcc-13-13.3.0/debian/tmp-nvptx/usr,amdgcn-amdhsa=/build/gcc-13-fG75Ri/gcc-13-13.3.0/debian/tmp-gcn/usr --enable-offload-defaulted --without-cuda-driver --enable-checking=release --build=x86_64-linux-gnu --host=x86_64-linux-gnu --target=x86_64-linux-gnu --with-build-config=bootstrap-lto-lean --enable-link-serialization=2
Thread model: posix
Supported LTO compression algorithms: zlib zstd
gcc version 13.3.0 (Ubuntu 13.3.0-6ubuntu2~24.04) 
... rest of stderr output deleted ...
configure:3817: $? = 0
configure:3806: gcc -V >&5
gcc: error: unrecognized command-line option '-V'
gcc: fatal error: no input files
compilation terminated.
configure:3817: $? = 1
configure:3806: gcc -qversion >&5
gcc: error: unrecognized command-line option '-qversion'; did you mean '--version'?
gcc: fatal error: no input files
compilation terminated.
configure:3817: $? = 1
configure:3806: gcc -version >&5
gcc: error: unrecognized command-line option '-version'
gcc: fatal error: no input files
compilation terminated.
configure:3817: $? = 1
configure:3837: checking whether the C compiler works
configure:3859: gcc    conftest.c  >&5
configure:3863: $? = 0
configure:3913: result: yes
configure:3916: checking for C compiler default output file name
configure:3918: result: a.out
configure:3924: checking for suffix of executables
configure:3931: gcc -o conftest    conftest.c  >&5
configure:3935: $? = 0
configure:3958: result: 
configure:3980: checking whether we are cross compiling
configure:3988: gcc -o conftest    conftest.c  >&5
configure:3992: $? = 0
configure:3999: ./conftest
configure:4003: $? = 0
configure:4018: result: no
configure:4023: checking for suffix of object files
configure:4046: gcc -c   conftest.c >&5
configure:4050: $? = 0
configure:4072: result: o
configure:4076: checking whether the compiler supports GNU C
configure:4096: gcc -c   conftest.c >&5
configure:4096: $? = 0
configure:4106: result: yes
configure:4117: checking whether gcc accepts -g
configure:4138: gcc -c -g  conftest.c >&5
configure:4138: $? = 0
configure:4182: result: yes
configure:4202: checking for gcc option to enable C11 features
configure:4217: gcc  -c -g -O2  conftest.c >&5
configure:4217: $? = 0
configure:4235: result: none needed
configure:4351: checking whether gcc understands -c and -o together
configure:4374: gcc -c conftest.c -o conftest2.o
configure:4377: $? = 0
configure:4374: gcc -c conftest.c -o conftest2.o
configure:4377: $? = 0
configure:4389: result: yes
configure:4409: checking whether make supports the include directive
configure:4424: make -f confmf.GNU && cat confinc.out
this is the am__doit target
configure:4427: $? = 0
configure:4446: result: yes (GNU style)
configure:4472: checking dependency style of gcc
configure:4584: result: gcc3
configure:4604: checking whether make sets $(MAKE)
configure:4627: result: yes
configure:4685: checking for ranlib
configure:4706: found /usr/bin/ranlib
configure:4717: result: ranlib
configure:4797: checking for ar
configure:4818: found /usr/bin/ar
configure:4829: result: ar
configure:4855: checking the archiver (ar) interface
configure:4872: gcc -c -g -O2  conftest.c >&5
configure:4872: $? = 0
configure:4875: ar cru libconftest.a conftest.o >&5
ar: `u' modifier ignored since `D' is the default (see `U')
configure:4878: $? = 0
configure:4906: result: ar
configure:4931: checking for stdio.h
configure:4931: gcc -c -g -O2  conftest.c >&5
configure:4931: $? = 0
configure:4931: result: yes
configure:4931: checking for stdlib.h
configure:4931: gcc -c -g -O2  conftest.c >&5
configure:4931: $? = 0
configure:4931: result: yes
configure:4931: checking for string.h
configure:4931: gcc -c -g -O2  conftest.c >&5
configure:4931: $? = 0
configure:4931: result: yes
configure:4931: checking for inttypes.h
configure:4931: gcc -c -g -O2  conftest.c >&5
configure:4931: $? = 0
configure:4931: result: yes
configure:4931: checking for stdint.h
configure:4931: gcc -c -g -O2  conftest.c >&5
configure:4931: $? = 0
configure:4931: result: yes
configure:4931: checking for strings.h
configure:4931: gcc -c -g -O2  conftest.c >&5
configure:4931: $? = 0
configure:4931: result: yes
configure:4931: checking for sys/stat.h
configure:4931: gcc -c -g -O2  conftest.c >&5
configure:4931: $? = 0
configure:4931: result: yes
configure:4931: checking for sys/types.h
configure:4931: gcc -c -g -O2  conftest.c >&5
configure:4931: $? = 0
configure:4931: result: yes
configure:4931: checking for unistd.h
configure:4931: gcc -c -g -O2  conftest.c >&5
configure:4931: $? = 0
configure:4931: result: yes
configure:4931: checking for vfork.h
configure:4931: gcc -c -g -O2  conftest.c >&5
conftest.c:48:10: fatal error: vfork.h: No such file or directory
   48 | #include <vfork.h>
      |          ^~~~~~~~~
compilation terminated.
configure:4931: $? = 1
configure: failed program was:
| /* confdefs.h */
| #define PACKAGE_NAME "mhuxd"
| #define PACKAGE_TARNAME "mhuxd"
| #define PACKAGE_VERSION "0.56"
| #define PACKAGE_STRING "mhuxd 0.56"
| #define PACKAGE_BUGREPORT "mhuxd@maxec.de"
| #define PACKAGE_URL ""
| #define PACKAGE "mhuxd"
| #define VERSION "0.56"
| #define HAVE_STDIO_H 1
| #define HAVE_STDLIB_H 1
| #define HAVE_STRING_H 1
| #define HAVE_INTTYPES_H 1
| #define HAVE_STDINT_H 1
| #define HAVE_STRINGS_H 1
| #define HAVE_SYS_STAT_H 1
| #define HAVE_SYS_TYPES_H 1
| #define HAVE_UNISTD_H 1
| /* end confdefs.h.  */
| #include <stddef.h>
| #ifdef HAVE_STDIO_H
| # include <stdio.h>
| #endif
| #ifdef HAVE_STDLIB_H
| # include <stdlib.h>
| #endif
| #ifdef HAVE_STRING_H
| # include <string.h>
| #endif
| #ifdef HAVE_INTTYPES_H
| # include <inttypes.h>
| #endif
| #ifdef HAVE_STDINT_H
| # include <stdint.h>
| #endif
| #ifdef HAVE_STRINGS_H
| # include <strings.h>
| #endif
| #ifdef HAVE_SYS_TYPES_H
| # include <sys/types.h>
| #endif
| #ifdef HAVE_SYS_STAT_H
| # include <sys/stat.h>
| #endif
| #ifdef HAVE_UNISTD_H
| # include <unistd.h>
| #endif
| #include <vfork.h>
configure:4931: result: no
configure:4956: checking for fcntl.h
configure:4956: gcc -c -g -O2  conftest.c >&5
configure:4956: $? = 0
configure:4956: result: yes
configure:4962: checking for limits.h
configure:4962: gcc -c -g -O2  conftest.c >&5
configure:4962: $? = 0
configure:4962: result: yes
configure:4968: checking for netdb.h
configure:4968: gcc -c -g -O2  conftest.c >&5
configure:4968: $? = 0
configure:4968: result: yes
configure:4974: checking for netinet/in.h
configure:4974: gcc -c -g -O2  conftest.c >&5
configure:4974: $? = 0
configure:4974: result: yes
configure:4980: checking for stddef.h
configure:4980: gcc -c -g -O2  conftest.c >&5
configure:4980: $? = 0
configure:4980: result: yes
configure:4986: checking for stdint.h
configure:4986: result: yes
configure:4992: checking for stdlib.h
configure:4992: result: yes
configure:4998: checking for string.h
configure:4998: result: yes
configure:5004: checking for sys/file.h
configure:5004: gcc -c -g -O2  conftest.c >&5
configure:5004: $? = 0
configure:5004: result: yes
configure:5010: checking for sys/ioctl.h
configure:5010: gcc -c -g -O2  conftest.c >&5
configure:5010: $? = 0
configure:5010: result: yes
configure:5016: checking for sys/socket.h
configure:5016: gcc -c -g -O2  conftest.c >&5
configure:5016: $? = 0
configure:5016: result: yes
configure:5022: checking for sys/time.h
configure:5022: gcc -c -g -O2  conftest.c >&5
configure:5022: $? = 0
configure:5022: result: yes
configure:5028: checking for termios.h
configure:5028: gcc -c -g -O2  conftest.c >&5
configure:5028: $? = 0
configure:5028: result: yes
configure:5034: checking for unistd.h
configure:5034: result: yes
configure:5040: checking for libintl.h
configure:5040: gcc -c -g -O2  conftest.c >&5
configure:5040: $? = 0
configure:5040: result: yes
configure:5049: checking for inline
configure:5066: gcc -c -g -O2  conftest.c >&5
configure:5066: $? = 0
configure:5075: result: inline
configure:5093: checking for int16_t
configure:5093: gcc -c -g -O2  conftest.c >&5
configure:5093: $? = 0
configure:5093: gcc -c -g -O2  conftest.c >&5
conftest.c: In function 'main':
conftest.c:68:12: error: size of array 'test_array' is negative
   68 | static int test_array [1 - 2 * !((int16_t) (((((int16_t) 1 << N) << N) - 1) * 2 + 1)
      |            ^~~~~~~~~~
configure:5093: $? = 1
configure: failed program was:
| /* confdefs.h */
| #define PACKAGE_NAME "mhuxd"
| #define PACKAGE_TARNAME "mhuxd"
| #define PACKAGE_VERSION "0.56"
| #define PACKAGE_STRING "mhuxd 0.56"
| #define PACKAGE_BUGREPORT "mhuxd@maxec.de"
| #define PACKAGE_URL ""
| #define PACKAGE "mhuxd"
| #define VERSION "0.56"
| #define HAVE_STDIO_H 1
| #define HAVE_STDLIB_H 1
| #define HAVE_STRING_H 1
| #define HAVE_INTTYPES_H 1
| #define HAVE_STDINT_H 1
| #define HAVE_STRINGS_H 1
| #define HAVE_SYS_STAT_H 1
| #define HAVE_SYS_TYPES_H 1
| #define HAVE_UNISTD_H 1
| #define STDC_HEADERS 1
| #define HAVE_FCNTL_H 1
| #define HAVE_LIMITS_H 1
| #define HAVE_NETDB_H 1
| #define HAVE_NETINET_IN_H 1
| #define HAVE_STDDEF_H 1
| #define HAVE_STDINT_H 1
| #define HAVE_STDLIB_H 1
| #define HAVE_STRING_H 1
| #define HAVE_SYS_FILE_H 1
| #define HAVE_SYS_IOCTL_H 1
| #define HAVE_SYS_SOCKET_H 1
| #define HAVE_SYS_TIME_H 1
| #define HAVE_TERMIOS_H 1
| #define HAVE_UNISTD_H 1
| #define HAVE_LIBINTL_H 1
| /* end confdefs.h.  */
| #include <stddef.h>
| #ifdef HAVE_STDIO_H
| # include <stdio.h>
| #endif
| #ifdef HAVE_STDLIB_H
| # include <stdlib.h>
| #endif
| #ifdef HAVE_STRING_H
| # include <string.h>
| #endif
| #ifdef HAVE_INTTYPES_H
| # include <inttypes.h>
| #endif
| #ifdef HAVE_STDINT_H
| # include <stdint.h>
| #endif
| #ifdef HAVE_STRINGS_H
| # include <strings.h>
| #endif
| #ifdef HAVE_SYS_TYPES_H
| # include <sys/types.h>
| #endif
| #ifdef HAVE_SYS_STAT_H
| # include <sys/stat.h>
| #endif
| #ifdef HAVE_UNISTD_H
| # include <unistd.h>
| #endif
| 	        enum { N = 16 / 2 - 1 };
| int
| main (void)
| {
| static int test_array [1 - 2 * !((int16_t) (((((int16_t) 1 << N) << N) - 1) * 2 + 1)
| 		 < (int16_t) (((((int16_t) 1 << N) << N) - 1) * 2 + 2))];
| test_array [0] = 0;
| return test_array [0];
| 
|   ;
|   return 0;
| }
configure:5093: result: yes
configure:5102: checking for int32_t
configure:5102: gcc -c -g -O2  conftest.c >&5
configure:5102: $? = 0
configure:5102: gcc -c -g -O2  conftest.c >&5
conftest.c: In function 'main':
conftest.c:69:67: warning: integer overflow in expression of type 'int' results in '-2147483648' [-Woverflow]
   69 |                  < (int32_t) (((((int32_t) 1 << N) << N) - 1) * 2 + 2))];
      |                                                                   ^
conftest.c:68:12: error: storage size of 'test_array' isn't constant
   68 | static int test_array [1 - 2 * !((int32_t) (((((int32_t) 1 << N) << N) - 1) * 2 + 1)
      |            ^~~~~~~~~~
configure:5102: $? = 1
configure: failed program was:
| /* confdefs.h */
| #define PACKAGE_NAME "mhuxd"
| #define PACKAGE_TARNAME "mhuxd"
| #define PACKAGE_VERSION "0.56"
| #define PACKAGE_STRING "mhuxd 0.56"
| #define PACKAGE_BUGREPORT "mhuxd@maxec.de"
| #define PACKAGE_URL ""
| #define PACKAGE "mhuxd"
| #define VERSION "0.56"
| #define HAVE_STDIO_H 1
| #define HAVE_STDLIB_H 1
| #define HAVE_STRING_H 1
| #define HAVE_INTTYPES_H 1
| #define HAVE_STDINT_H 1
| #define HAVE_STRINGS_H 1
| #define HAVE_SYS_STAT_H 1
| #define HAVE_SYS_TYPES_H 1
| #define HAVE_UNISTD_H 1
| #define STDC_HEADERS 1
| #define HAVE_FCNTL_H 1
| #define HAVE_LIMITS_H 1
| #define HAVE_NETDB_H 1
| #define HAVE_NETINET_IN_H 1
| #define HAVE_STDDEF_H 1
| #define HAVE_STDINT_H 1
| #define HAVE_STDLIB_H 1
| #define HAVE_STRING_H 1
| #define HAVE_SYS_FILE_H 1
| #define HAVE_SYS_IOCTL_H 1
| #define HAVE_SYS_SOCKET_H 1
| #define HAVE_SYS_TIME_H 1
| #define HAVE_TERMIOS_H 1
| #define HAVE_UNISTD_H 1
| #define HAVE_LIBINTL_H 1
| /* end confdefs.h.  */
| #include <stddef.h>
| #ifdef HAVE_STDIO_H
| # include <stdio.h>
| #endif
| #ifdef HAVE_STDLIB_H
| # include <stdlib.h>
| #endif
| #ifdef HAVE_STRING_H
| # include <string.h>
| #endif
| #ifdef HAVE_INTTYPES_H
| # include <inttypes.h>
| #endif
| #ifdef HAVE_STDINT_H
| # include <stdint.h>
| #endif
| #ifdef HAVE_STRINGS_H
| # include <strings.h>
| #endif
| #ifdef HAVE_SYS_TYPES_H
| # include <sys/types.h>
| #endif
| #ifdef HAVE_SYS_STAT_H
| # include <sys/stat.h>
| #endif
| #ifdef HAVE_UNISTD_H
| # include <unistd.h>
| #endif
| 	        enum { N = 32 / 2 - 1 };
| int
| main (void)
| {
| static int test_array [1 - 2 * !((int32_t) (((((int32_t) 1 << N) << N) - 1) * 2 + 1)
| 		 < (int32_t) (((((int32_t) 1 << N) << N) - 1) * 2 + 2))];
| test_array [0] = 0;
| return test_array [0];
| 
|   ;
|   return 0;
| }
configure:5102: result: yes
configure:5111: checking for int64_t
configure:5111: gcc -c -g -O2  conftest.c >&5
configure:5111: $? = 0
configure:5111: gcc -c -g -O2  conftest.c >&5
conftest.c: In function 'main':
conftest.c:69:67: warning: integer overflow in expression of type 'long int' results in '-9223372036854775808' [-Woverflow]
   69 |                  < (int64_t) (((((int64_t) 1 << N) << N) - 1) * 2 + 2))];
      |                                                                   ^
conftest.c:68:12: error: storage size of 'test_array' isn't constant
   68 | static int test_array [1 - 2 * !((int64_t) (((((int64_t) 1 << N) << N) - 1) * 2 + 1)
      |            ^~~~~~~~~~
configure:5111: $? = 1
configure: failed program was:
| /* confdefs.h */
| #define PACKAGE_NAME "mhuxd"
| #define PACKAGE_TARNAME "mhuxd"
| #define PACKAGE_VERSION "0.56"
| #define PACKAGE_STRING "mhuxd 0.56"
| #define PACKAGE_BUGREPORT "mhuxd@maxec.de"
| #define PACKAGE_URL ""
| #define PACKAGE "mhuxd"
| #define VERSION "0.56"
| #define HAVE_STDIO_H 1
| #define HAVE_STDLIB_H 1
| #define HAVE_STRING_H 1
| #define HAVE_INTTYPES_H 1
| #define HAVE_STDINT_H 1
| #define HAVE_STRINGS_H 1
| #define HAVE_SYS_STAT_H 1
| #define HAVE_SYS_TYPES_H 1
| #define HAVE_UNISTD_H 1
| #define STDC_HEADERS 1
| #define HAVE_FCNTL_H 1
| #define HAVE_LIMITS_H 1
| #define HAVE_NETDB_H 1
| #define HAVE_NETINET_IN_H 1
| #define HAVE_STDDEF_H 1
| #define HAVE_STDINT_H 1
| #define HAVE_STDLIB_H 1
| #define HAVE_STRING_H 1
| #define HAVE_SYS_FILE_H 1
| #define HAVE_SYS_IOCTL_H 1
| #define HAVE_SYS_SOCKET_H 1
| #define HAVE_SYS_TIME_H 1
| #define HAVE_TERMIOS_H 1
| #define HAVE_UNISTD_H 1
| #define HAVE_LIBINTL_H 1
| /* end confdefs.h.  */
| #include <stddef.h>
| #ifdef HAVE_STDIO_H
| # include <stdio.h>
| #endif
| #ifdef HAVE_STDLIB_H
| # include <stdlib.h>
| #endif
| #ifdef HAVE_STRING_H
| # include <string.h>
| #endif
| #ifdef HAVE_INTTYPES_H
| # include <inttypes.h>
| #endif
| #ifdef HAVE_STDINT_H
| # include <stdint.h>
| #endif
| #ifdef HAVE_STRINGS_H
| # include <strings.h>
| #endif
| #ifdef HAVE_SYS_TYPES_H
| # include <sys/types.h>
| #endif
| #ifdef HAVE_SYS_STAT_H
| # include <sys/stat.h>
| #endif
| #ifdef HAVE_UNISTD_H
| # include <unistd.h>
| #endif
| 	        enum { N = 64 / 2 - 1 };
| int
| main (void)
| {
| static int test_array [1 - 2 * !((int64_t) (((((int64_t) 1 << N) << N) - 1) * 2 + 1)
| 		 < (int64_t) (((((int64_t) 1 << N) << N) - 1) * 2 + 2))];
| test_array [0] = 0;
| return test_array [0];
| 
|   ;
|   return 0;
| }
configure:5111: result: yes
configure:5120: checking for int8_t
configure:5120: gcc -c -g -O2  conftest.c >&5
configure:5120: $? = 0
configure:5120: gcc -c -g -O2  conftest.c >&5
conftest.c: In function 'main':
conftest.c:68:12: error: size of array 'test_array' is negative
   68 | static int test_array [1 - 2 * !((int8_t) (((((int8_t) 1 << N) << N) - 1) * 2 + 1)
      |            ^~~~~~~~~~
configure:5120: $? = 1
configure: failed program was:
| /* confdefs.h */
| #define PACKAGE_NAME "mhuxd"
| #define PACKAGE_TARNAME "mhuxd"
| #define PACKAGE_VERSION "0.56"
| #define PACKAGE_STRING "mhuxd 0.56"
| #define PACKAGE_BUGREPORT "mhuxd@maxec.de"
| #define PACKAGE_URL ""
| #define PACKAGE "mhuxd"
| #define VERSION "0.56"
| #define HAVE_STDIO_H 1
| #define HAVE_STDLIB_H 1
| #define HAVE_STRING_H 1
| #define HAVE_INTTYPES_H 1
| #define HAVE_STDINT_H 1
| #define HAVE_STRINGS_H 1
| #define HAVE_SYS_STAT_H 1
| #define HAVE_SYS_TYPES_H 1
| #define HAVE_UNISTD_H 1
| #define STDC_HEADERS 1
| #define HAVE_FCNTL_H 1
| #define HAVE_LIMITS_H 1
| #define HAVE_NETDB_H 1
| #define HAVE_NETINET_IN_H 1
| #define HAVE_STDDEF_H 1
| #define HAVE_STDINT_H 1
| #define HAVE_STDLIB_H 1
| #define HAVE_STRING_H 1
| #define HAVE_SYS_FILE_H 1
| #define HAVE_SYS_IOCTL_H 1
| #define HAVE_SYS_SOCKET_H 1
| #define HAVE_SYS_TIME_H 1
| #define HAVE_TERMIOS_H 1
| #define HAVE_UNISTD_H 1
| #define HAVE_LIBINTL_H 1
| /* end confdefs.h.  */
| #include <stddef.h>
| #ifdef HAVE_STDIO_H
| # include <stdio.h>
| #endif
| #ifdef HAVE_STDLIB_H
| # include <stdlib.h>
| #endif
| #ifdef HAVE_STRING_H
| # include <string.h>
| #endif
| #ifdef HAVE_INTTYPES_H
| # include <inttypes.h>
| #endif
| #ifdef HAVE_STDINT_H
| # include <stdint.h>
| #endif
| #ifdef HAVE_STRINGS_H
| # include <strings.h>
| #endif
| #ifdef HAVE_SYS_TYPES_H
| # include <sys/types.h>
| #endif
| #ifdef HAVE_SYS_STAT_H
| # include <sys/stat.h>
| #endif
| #ifdef HAVE_UNISTD_H
| # include <unistd.h>
| #endif
| 	        enum { N = 8 / 2 - 1 };
| int
| main (void)
| {
| static int test_array [1 - 2 * !((int8_t) (((((int8_t) 1 << N) << N) - 1) * 2 + 1)
| 		 < (int8_t) (((((int8_t) 1 << N) << N) - 1) * 2 + 2))];
| test_array [0] = 0;
| return test_array [0];
| 
|   ;
|   return 0;
| }
configure:5120: result: yes
configure:5129: checking for mode_t
configure:5129: gcc -c -g -O2  conftest.c >&5
configure:5129: $? = 0
configure:5129: gcc -c -g -O2  conftest.c >&5
conftest.c: In function 'main':
conftest.c:67:21: error: expected expression before ')' token
   67 | if (sizeof ((mode_t)))
      |                     ^
configure:5129: $? = 1
configure: failed program was:
| /* confdefs.h */
| #define PACKAGE_NAME "mhuxd"
| #define PACKAGE_TARNAME "mhuxd"
| #define PACKAGE_VERSION "0.56"
| #define PACKAGE_STRING "mhuxd 0.56"
| #define PACKAGE_BUGREPORT "mhuxd@maxec.de"
| #define PACKAGE_URL ""
| #define PACKAGE "mhuxd"
| #define VERSION "0.56"
| #define HAVE_STDIO_H 1
| #define HAVE_STDLIB_H 1
| #define HAVE_STRING_H 1
| #define HAVE_INTTYPES_H 1
| #define HAVE_STDINT_H 1
| #define HAVE_STRINGS_H 1
| #define HAVE_SYS_STAT_H 1
| #define HAVE_SYS_TYPES_H 1
| #define HAVE_UNISTD_H 1
| #define STDC_HEADERS 1
| #define HAVE_FCNTL_H 1
| #define HAVE_LIMITS_H 1
| #define HAVE_NETDB_H 1
| #define HAVE_NETINET_IN_H 1
| #define HAVE_STDDEF_H 1
| #define HAVE_STDINT_H 1
| #define HAVE_STDLIB_H 1
| #define HAVE_STRING_H 1
| #define HAVE_SYS_FILE_H 1
| #define HAVE_SYS_IOCTL_H 1
| #define HAVE_SYS_SOCKET_H 1
| #define HAVE_SYS_TIME_H 1
| #define HAVE_TERMIOS_H 1
| #define HAVE_UNISTD_H 1
| #define HAVE_LIBINTL_H 1
| /* end confdefs.h.  */
| #include <stddef.h>
| #ifdef HAVE_STDIO_H
| # include <stdio.h>
| #endif
| #ifdef HAVE_STDLIB_H
| # include <stdlib.h>
| #endif
| #ifdef HAVE_STRING_H
| # include <string.h>
| #endif
| #ifdef HAVE_INTTYPES_H
| # include <inttypes.h>
| #endif
| #ifdef HAVE_STDINT_H
| # include <stdint.h>
| #endif
| #ifdef HAVE_STRINGS_H
| # include <strings.h>
| #endif
| #ifdef HAVE_SYS_TYPES_H
| # include <sys/types.h>
| #endif
| #ifdef HAVE_SYS_STAT_H
| # include <sys/stat.h>
| #endif
| #ifdef HAVE_UNISTD_H
| # include <unistd.h>
| #endif
| int
| main (void)
| {
| if (sizeof ((mode_t)))
| 	    return 0;
|   ;
|   return 0;
| }
configure:5129: result: yes
configure:5139: checking for off_t
configure:5139: gcc -c -g -O2  conftest.c >&5
configure:5139: $? = 0
configure:5139: gcc -c -g -O2  conftest.c >&5
conftest.c: In function 'main':
conftest.c:67:20: error: expected expression before ')' token
   67 | if (sizeof ((off_t)))
      |                    ^
configure:5139: $? = 1
configure: failed program was:
| /* confdefs.h */
| #define PACKAGE_NAME "mhuxd"
| #define PACKAGE_TARNAME "mhuxd"
| #define PACKAGE_VERSION "0.56"
| #define PACKAGE_STRING "mhuxd 0.56"
| #define PACKAGE_BUGREPORT "mhuxd@maxec.de"
| #define PACKAGE_URL ""
| #define PACKAGE "mhuxd"
| #define VERSION "0.56"
| #define HAVE_STDIO_H 1
| #define HAVE_STDLIB_H 1
| #define HAVE_STRING_H 1
| #define HAVE_INTTYPES_H 1
| #define HAVE_STDINT_H 1
| #define HAVE_STRINGS_H 1
| #define HAVE_SYS_STAT_H 1
| #define HAVE_SYS_TYPES_H 1
| #define HAVE_UNISTD_H 1
| #define STDC_HEADERS 1
| #define HAVE_FCNTL_H 1
| #define HAVE_LIMITS_H 1
| #define HAVE_NETDB_H 1
| #define HAVE_NETINET_IN_H 1
| #define HAVE_STDDEF_H 1
| #define HAVE_STDINT_H 1
| #define HAVE_STDLIB_H 1
| #define HAVE_STRING_H 1
| #define HAVE_SYS_FILE_H 1
| #define HAVE_SYS_IOCTL_H 1
| #define HAVE_SYS_SOCKET_H 1
| #define HAVE_SYS_TIME_H 1
| #define HAVE_TERMIOS_H 1
| #define HAVE_UNISTD_H 1
| #define HAVE_LIBINTL_H 1
| /* end confdefs.h.  */
| #include <stddef.h>
| #ifdef HAVE_STDIO_H
| # include <stdio.h>
| #endif
| #ifdef HAVE_STDLIB_H
| # include <stdlib.h>
| #endif
| #ifdef HAVE_STRING_H
| # include <string.h>
| #endif
| #ifdef HAVE_INTTYPES_H
| # include <inttypes.h>
| #endif
| #ifdef HAVE_STDINT_H
| # include <stdint.h>
| #endif
| #ifdef HAVE_STRINGS_H
| # include <strings.h>
| #endif
| #ifdef HAVE_SYS_TYPES_H
| # include <sys/types.h>
| #endif
| #ifdef HAVE_SYS_STAT_H
| # include <sys/stat.h>
| #endif
| #ifdef HAVE_UNISTD_H
| # include <unistd.h>
| #endif
| int
| main (void)
| {
| if (sizeof ((off_t)))
| 	    return 0;
|   ;
|   return 0;
| }
configure:5139: result: yes
configure:5150: checking for pid_t
configure:5150: gcc -c -g -O2  conftest.c >&5
configure:5150: $? = 0
configure:5150: gcc -c -g -O2  conftest.c >&5
conftest.c: In function 'main':
conftest.c:68:20: error: expected expression before ')' token
   68 | if (sizeof ((pid_t)))
      |                    ^
configure:5150: $? = 1
configure: failed program was:
| /* confdefs.h */
| #define PACKAGE_NAME "mhuxd"
| #define PACKAGE_TARNAME "mhuxd"
| #define PACKAGE_VERSION "0.56"
| #define PACKAGE_STRING "mhuxd 0.56"
| #define PACKAGE_BUGREPORT "mhuxd@maxec.de"
| #define PACKAGE_URL ""
| #define PACKAGE "mhuxd"
| #define VERSION "0.56"
| #define HAVE_STDIO_H 1
| #define HAVE_STDLIB_H 1
| #define HAVE_STRING_H 1
| #define HAVE_INTTYPES_H 1
| #define HAVE_STDINT_H 1
| #define HAVE_STRINGS_H 1
| #define HAVE_SYS_STAT_H 1
| #define HAVE_SYS_TYPES_H 1
| #define HAVE_UNISTD_H 1
| #define STDC_HEADERS 1
| #define HAVE_FCNTL_H 1
| #define HAVE_LIMITS_H 1
| #define HAVE_NETDB_H 1
| #define HAVE_NETINET_IN_H 1
| #define HAVE_STDDEF_H 1
| #define HAVE_STDINT_H 1
| #define HAVE_STDLIB_H 1
| #define HAVE_STRING_H 1
| #define HAVE_SYS_FILE_H 1
| #define HAVE_SYS_IOCTL_H 1
| #define HAVE_SYS_SOCKET_H 1
| #define HAVE_SYS_TIME_H 1
| #define HAVE_TERMIOS_H 1
| #define HAVE_UNISTD_H 1
| #define HAVE_LIBINTL_H 1
| /* end confdefs.h.  */
| #include <stddef.h>
| #ifdef HAVE_STDIO_H
| # include <stdio.h>
| #endif
| #ifdef HAVE_STDLIB_H
| # include <stdlib.h>
| #endif
| #ifdef HAVE_STRING_H
| # include <string.h>
| #endif
| #ifdef HAVE_INTTYPES_H
| # include <inttypes.h>
| #endif
| #ifdef HAVE_STDINT_H
| # include <stdint.h>
| #endif
| #ifdef HAVE_STRINGS_H
| # include <strings.h>
| #endif
| #ifdef HAVE_SYS_TYPES_H
| # include <sys/types.h>
| #endif
| #ifdef HAVE_SYS_STAT_H
| # include <sys/stat.h>
| #endif
| #ifdef HAVE_UNISTD_H
| # include <unistd.h>
| #endif
| 
| int
| main (void)
| {
| if (sizeof ((pid_t)))
| 	    return 0;
|   ;
|   return 0;
| }
configure:5150: result: yes
configure:5186: checking for size_t
configure:5186: gcc -c -g -O2  conftest.c >&5
configure:5186: $? = 0
configure:5186: gcc -c -g -O2  conftest.c >&5
conftest.c: In function 'main':
conftest.c:67:21: error: expected expression before ')' token
   67 | if (sizeof ((size_t)))
      |                     ^
configure:5186: $? = 1
configure: failed program was:
| /* confdefs.h */
| #define PACKAGE_NAME "mhuxd"
| #define PACKAGE_TARNAME "mhuxd"
| #define PACKAGE_VERSION "0.56"
| #define PACKAGE_STRING "mhuxd 0.56"
| #define PACKAGE_BUGREPORT "mhuxd@maxec.de"
| #define PACKAGE_URL ""
| #define PACKAGE "mhuxd"
| #define VERSION "0.56"
| #define HAVE_STDIO_H 1
| #define HAVE_STDLIB_H 1
| #define HAVE_STRING_H 1
| #define HAVE_INTTYPES_H 1
| #define HAVE_STDINT_H 1
| #define HAVE_STRINGS_H 1
| #define HAVE_SYS_STAT_H 1
| #define HAVE_SYS_TYPES_H 1
| #define HAVE_UNISTD_H 1
| #define STDC_HEADERS 1
| #define HAVE_FCNTL_H 1
| #define HAVE_LIMITS_H 1
| #define HAVE_NETDB_H 1
| #define HAVE_NETINET_IN_H 1
| #define HAVE_STDDEF_H 1
| #define HAVE_STDINT_H 1
| #define HAVE_STDLIB_H 1
| #define HAVE_STRING_H 1
| #define HAVE_SYS_FILE_H 1
| #define HAVE_SYS_IOCTL_H 1
| #define HAVE_SYS_SOCKET_H 1
| #define HAVE_SYS_TIME_H 1
| #define HAVE_TERMIOS_H 1
| #define HAVE_UNISTD_H 1
| #define HAVE_LIBINTL_H 1
| /* end confdefs.h.  */
| #include <stddef.h>
| #ifdef HAVE_STDIO_H
| # include <stdio.h>
| #endif
| #ifdef HAVE_STDLIB_H
| # include <stdlib.h>
| #endif
| #ifdef HAVE_STRING_H
| # include <string.h>
| #endif
| #ifdef HAVE_INTTYPES_H
| # include <inttypes.h>
| #endif
| #ifdef HAVE_STDINT_H
| # include <stdint.h>
| #endif
| #ifdef HAVE_STRINGS_H
| # include <strings.h>
| #endif
| #ifdef HAVE_SYS_TYPES_H
| # include <sys/types.h>
| #endif
| #ifdef HAVE_SYS_STAT_H
| # include <sys/stat.h>
| #endif
| #ifdef HAVE_UNISTD_H
| # include <unistd.h>
| #endif
| int
| main (void)
| {
| if (sizeof ((size_t)))
| 	    return 0;
|   ;
|   return 0;
| }
configure:5186: result: yes
configure:5196: checking for ssize_t
configure:5196: gcc -c -g -O2  conftest.c >&5
configure:5196: $? = 0
configure:5196: gcc -c -g -O2  conftest.c >&5
conftest.c: In function 'main':
conftest.c:67:22: error: expected expression before ')' token
   67 | if (sizeof ((ssize_t)))
      |                      ^
configure:5196: $? = 1
configure: failed program was:
| /* confdefs.h */
| #define PACKAGE_NAME "mhuxd"
| #define PACKAGE_TARNAME "mhuxd"
| #define PACKAGE_VERSION "0.56"
| #define PACKAGE_STRING "mhuxd 0.56"
| #define PACKAGE_BUGREPORT "mhuxd@maxec.de"
| #define PACKAGE_URL ""
| #define PACKAGE "mhuxd"
| #define VERSION "0.56"
| #define HAVE_STDIO_H 1
| #define HAVE_STDLIB_H 1
| #define HAVE_STRING_H 1
| #define HAVE_INTTYPES_H 1
| #define HAVE_STDINT_H 1
| #define HAVE_STRINGS_H 1
| #define HAVE_SYS_STAT_H 1
| #define HAVE_SYS_TYPES_H 1
| #define HAVE_UNISTD_H 1
| #define STDC_HEADERS 1
| #define HAVE_FCNTL_H 1
| #define HAVE_LIMITS_H 1
| #define HAVE_NETDB_H 1
| #define HAVE_NETINET_IN_H 1
| #define HAVE_STDDEF_H 1
| #define HAVE_STDINT_H 1
| #define HAVE_STDLIB_H 1
| #define HAVE_STRING_H 1
| #define HAVE_SYS_FILE_H 1
| #define HAVE_SYS_IOCTL_H 1
| #define HAVE_SYS_SOCKET_H 1
| #define HAVE_SYS_TIME_H 1
| #define HAVE_TERMIOS_H 1
| #define HAVE_UNISTD_H 1
| #define HAVE_LIBINTL_H 1
| /* end confdefs.h.  */
| #include <stddef.h>
| #ifdef HAVE_STDIO_H
| # include <stdio.h>
| #endif
| #ifdef HAVE_STDLIB_H
| # include <stdlib.h>
| #endif
| #ifdef HAVE_STRING_H
| # include <string.h>
| #endif
| #ifdef HAVE_INTTYPES_H
| # include <inttypes.h>
| #endif
| #ifdef HAVE_STDINT_H
| # include <stdint.h>
| #endif
| #ifdef HAVE_STRINGS_H
| # include <strings.h>
| #endif
| #ifdef HAVE_SYS_TYPES_H
| # include <sys/types.h>
| #endif
| #ifdef HAVE_SYS_STAT_H
| # include <sys/stat.h>
| #endif
| #ifdef HAVE_UNISTD_H
| # include <unistd.h>
| #endif
| int
| main (void)
| {
| if (sizeof ((ssize_t)))
| 	    return 0;
|   ;
|   return 0;
| }
configure:5196: result: yes
configure:5206: checking for uint16_t
configure:5206: gcc -c -g -O2  conftest.c >&5
configure:5206: $? = 0
configure:5206: result: yes
configure:5216: checking for uint32_t
configure:5216: gcc -c -g -O2  conftest.c >&5
configure:5216: $? = 0
configure:5216: result: yes
configure:5228: checking for uint64_t
configure:5228: gcc -c -g -O2  conftest.c >&5
configure:5228: $? = 0
configure:5228: result: yes
configure:5240: checking for uint8_t
configure:5240: gcc -c -g -O2  conftest.c >&5
configure:5240: $? = 0
configure:5240: result: yes
configure:5256: checking for pkg-config
configure:5277: found /usr/bin/pkg-config
configure:5288: result: yes
configure:5360: checking for pkg-config
configure:5383: found /usr/bin/pkg-config
configure:5395: result: /usr/bin/pkg-config
configure:5420: checking pkg-config is at least version 0.9.0
configure:5423: result: yes
configure:5433: checking for fuse
configure:5440: $PKG_CONFIG --exists --print-errors "fuse"
configure:5443: $? = 0
configure:5457: $PKG_CONFIG --exists --print-errors "fuse"
configure:5460: $? = 0
configure:5502: result: yes
configure:5515: checking for libudev
configure:5522: $PKG_CONFIG --exists --print-errors "libudev"
configure:5525: $? = 0
configure:5539: $PKG_CONFIG --exists --print-errors "libudev"
configure:5542: $? = 0
configure:5584: result: yes
configure:5597: checking for ev.h
configure:5597: gcc -c -g -O2  conftest.c >&5
configure:5597: $? = 0
configure:5597: result: yes
configure:5607: checking for ev_time in -lev
configure:5630: gcc -o conftest -g -O2   conftest.c -lev  -ludev  -lfuse -pthread   >&5
configure:5630: $? = 0
configure:5640: result: yes
configure:5663: checking for fork
configure:5663: gcc -o conftest -g -O2   conftest.c -lev -ludev  -lfuse -pthread   >&5
conftest.c:54:6: warning: conflicting types for built-in function 'fork'; expected 'int(void)' [-Wbuiltin-declaration-mismatch]
   54 | char fork ();
      |      ^~~~
configure:5663: $? = 0
configure:5663: result: yes
configure:5663: checking for vfork
configure:5663: gcc -o conftest -g -O2   conftest.c -lev -ludev  -lfuse -pthread   >&5
configure:5663: $? = 0
configure:5663: result: yes
configure:5676: checking for working fork
configure:5700: gcc -o conftest -g -O2   conftest.c -lev -ludev  -lfuse -pthread   >&5
configure:5700: $? = 0
configure:5700: ./conftest
configure:5700: $? = 0
configure:5711: result: yes
configure:5732: checking for working vfork
configure:5861: result: yes
configure:5892: checking build system type
configure:5907: result: x86_64-pc-linux-gnu
configure:5927: checking host system type
configure:5941: result: x86_64-pc-linux-gnu
configure:5961: checking for GNU libc compatible malloc
configure:5993: gcc -o conftest -g -O2   conftest.c -lev -ludev  -lfuse -pthread   >&5
configure:5993: $? = 0
configure:5993: ./conftest
configure:5993: $? = 0
configure:6004: result: yes
configure:6026: checking for GNU libc compatible realloc
configure:6058: gcc -o conftest -g -O2   conftest.c -lev -ludev  -lfuse -pthread   >&5
configure:6058: $? = 0
configure:6058: ./conftest
configure:6058: $? = 0
configure:6069: result: yes
configure:6091: checking for bzero
configure:6091: gcc -o conftest -g -O2   conftest.c -lev -ludev  -lfuse -pthread   >&5
conftest.c:60:6: warning: conflicting types for built-in function 'bzero'; expected 'void(void *, long unsigned int)' [-Wbuiltin-declaration-mismatch]
   60 | char bzero ();
      |      ^~~~~
configure:6091: $? = 0
configure:6091: result: yes
configure:6097: checking for dup2
configure:6097: gcc -o conftest -g -O2   conftest.c -lev -ludev  -lfuse -pthread   >&5
configure:6097: $? = 0
configure:6097: result: yes
configure:6103: checking for gethostbyname
configure:6103: gcc -o conftest -g -O2   conftest.c -lev -ludev  -lfuse -pthread   >&5
configure:6103: $? = 0
configure:6103: result: yes
configure:6109: checking for gethostname
configure:6109: gcc -o conftest -g -O2   conftest.c -lev -ludev  -lfuse -pthread   >&5
configure:6109: $? = 0
configure:6109: result: yes
configure:6115: checking for gettimeofday
configure:6115: gcc -o conftest -g -O2   conftest.c -lev -ludev  -lfuse -pthread   >&5
configure:6115: $? = 0
configure:6115: result: yes
configure:6121: checking for localtime_r
configure:6121: gcc -o conftest -g -O2   conftest.c -lev -ludev  -lfuse -pthread   >&5
configure:6121: $? = 0
configure:6121: result: yes
configure:6127: checking for memchr
configure:6127: gcc -o conftest -g -O2   conftest.c -lev -ludev  -lfuse -pthread   >&5
conftest.c:66:6: warning: conflicting types for built-in function 'memchr'; expected 'void *(const void *, int,  long unsigned int)' [-Wbuiltin-declaration-mismatch]
   66 | char memchr ();
      |      ^~~~~~
conftest.c:58:1: note: 'memchr' is declared in header '<string.h>'
   57 | #include <limits.h>
   58 | #undef memchr
configure:6127: $? = 0
configure:6127: result: yes
configure:6133: checking for memmove
configure:6133: gcc -o conftest -g -O2   conftest.c -lev -ludev  -lfuse -pthread   >&5
conftest.c:67:6: warning: conflicting types for built-in function 'memmove'; expected 'void *(void *, const void *, long unsigned int)' [-Wbuiltin-declaration-mismatch]
   67 | char memmove ();
      |      ^~~~~~~
conftest.c:59:1: note: 'memmove' is declared in header '<string.h>'
   58 | #include <limits.h>
   59 | #undef memmove
configure:6133: $? = 0
configure:6133: result: yes
configure:6139: checking for memset
configure:6139: gcc -o conftest -g -O2   conftest.c -lev -ludev  -lfuse -pthread   >&5
conftest.c:68:6: warning: conflicting types for built-in function 'memset'; expected 'void *(void *, int,  long unsigned int)' [-Wbuiltin-declaration-mismatch]
   68 | char memset ();
      |      ^~~~~~
conftest.c:60:1: note: 'memset' is declared in header '<string.h>'
   59 | #include <limits.h>
   60 | #undef memset
configure:6139: $? = 0
configure:6139: result: yes
configure:6146: checking for mkdir
configure:6146: gcc -o conftest -g -O2   conftest.c -lev -ludev  -lfuse -pthread   >&5
configure:6146: $? = 0
configure:6146: result: yes
configure:6152: checking for regcomp
configure:6152: gcc -o conftest -g -O2   conftest.c -lev -ludev  -lfuse -pthread   >&5
configure:6152: $? = 0
configure:6152: result: yes
configure:6158: checking for rmdir
configure:6158: gcc -o conftest -g -O2   conftest.c -lev -ludev  -lfuse -pthread   >&5
configure:6158: $? = 0
configure:6158: result: yes
configure:6164: checking for socket
configure:6164: gcc -o conftest -g -O2   conftest.c -lev -ludev  -lfuse -pthread   >&5
configure:6164: $? = 0
configure:6164: result: yes
configure:6170: checking for stpcpy
configure:6170: gcc -o conftest -g -O2   conftest.c -lev -ludev  -lfuse -pthread   >&5
conftest.c:73:6: warning: conflicting types for built-in function 'stpcpy'; expected 'char *(char *, const char *)' [-Wbuiltin-declaration-mismatch]
   73 | char stpcpy ();
      |      ^~~~~~
configure:6170: $? = 0
configure:6170: result: yes
configure:6176: checking for strcasecmp
configure:6176: gcc -o conftest -g -O2   conftest.c -lev -ludev  -lfuse -pthread   >&5
conftest.c:74:6: warning: conflicting types for built-in function 'strcasecmp'; expected 'int(const char *, const char *)' [-Wbuiltin-declaration-mismatch]
   74 | char strcasecmp ();
      |      ^~~~~~~~~~
configure:6176: $? = 0
configure:6176: result: yes
configure:6182: checking for strchr
configure:6182: gcc -o conftest -g -O2   conftest.c -lev -ludev  -lfuse -pthread   >&5
conftest.c:75:6: warning: conflicting types for built-in function 'strchr'; expected 'char *(const char *, int)' [-Wbuiltin-declaration-mismatch]
   75 | char strchr ();
      |      ^~~~~~
conftest.c:67:1: note: 'strchr' is declared in header '<string.h>'
   66 | #include <limits.h>
   67 | #undef strchr
configure:6182: $? = 0
configure:6182: result: yes
configure:6188: checking for strdup
configure:6188: gcc -o conftest -g -O2   conftest.c -lev -ludev  -lfuse -pthread   >&5
conftest.c:76:6: warning: conflicting types for built-in function 'strdup'; expected 'char *(const char *)' [-Wbuiltin-declaration-mismatch]
   76 | char strdup ();
      |      ^~~~~~
configure:6188: $? = 0
configure:6188: result: yes
configure:6194: checking for strerror
configure:6194: gcc -o conftest -g -O2   conftest.c -lev -ludev  -lfuse -pthread   >&5
configure:6194: $? = 0
configure:6194: result: yes
configure:6200: checking for strncasecmp
configure:6200: gcc -o conftest -g -O2   conftest.c -lev -ludev  -lfuse -pthread   >&5
conftest.c:78:6: warning: conflicting types for built-in function 'strncasecmp'; expected 'int(const char *, const char *, long unsigned int)' [-Wbuiltin-declaration-mismatch]
   78 | char strncasecmp ();
      |      ^~~~~~~~~~~
configure:6200: $? = 0
configure:6200: result: yes
configure:6206: checking for strpbrk
configure:6206: gcc -o conftest -g -O2   conftest.c -lev -ludev  -lfuse -pthread   >&5
conftest.c:79:6: warning: conflicting types for built-in function 'strpbrk'; expected 'char *(const char *, const char *)' [-Wbuiltin-declaration-mismatch]
   79 | char strpbrk ();
      |      ^~~~~~~
conftest.c:71:1: note: 'strpbrk' is declared in header '<string.h>'
   70 | #include <limits.h>
   71 | #undef strpbrk
configure:6206: $? = 0
configure:6206: result: yes
configure:6213: checking for strrchr
configure:6213: gcc -o conftest -g -O2   conftest.c -lev -ludev  -lfuse -pthread   >&5
conftest.c:80:6: warning: conflicting types for built-in function 'strrchr'; expected 'char *(const char *, int)' [-Wbuiltin-declaration-mismatch]
   80 | char strrchr ();
      |      ^~~~~~~
conftest.c:72:1: note: 'strrchr' is declared in header '<string.h>'
   71 | #include <limits.h>
   72 | #undef strrchr
configure:6213: $? = 0
configure:6213: result: yes
configure:6219: checking for strstr
configure:6219: gcc -o conftest -g -O2   conftest.c -lev -ludev  -lfuse -pthread   >&5
conftest.c:81:6: warning: conflicting types for built-in function 'strstr'; expected 'char *(const char *, const char *)' [-Wbuiltin-declaration-mismatch]
   81 | char strstr ();
      |      ^~~~~~
conftest.c:73:1: note: 'strstr' is declared in header '<string.h>'
   72 | #include <limits.h>
   73 | #undef strstr
configure:6219: $? = 0
configure:6219: result: yes
configure:6225: checking for strtol
configure:6225: gcc -o conftest -g -O2   conftest.c -lev -ludev  -lfuse -pthread   >&5
configure:6225: $? = 0
configure:6225: result: yes
configure:6231: checking for strtoul
configure:6231: gcc -o conftest -g -O2   conftest.c -lev -ludev  -lfuse -pthread   >&5
configure:6231: $? = 0
configure:6231: result: yes
configure:6237: checking for vsnprintf
configure:6237: gcc -o conftest -g -O2   conftest.c -lev -ludev  -lfuse -pthread   >&5
conftest.c:84:6: warning: conflicting types for built-in function 'vsnprintf'; expected 'int(char *, long unsigned int,  const char *, __va_list_tag *)' [-Wbuiltin-declaration-mismatch]
   84 | char vsnprintf ();
      |      ^~~~~~~~~
conftest.c:76:1: note: 'vsnprintf' is declared in header '<stdio.h>'
   75 | #include <limits.h>
   76 | #undef vsnprintf
configure:6237: $? = 0
configure:6237: result: yes
configure:6243: checking for snprintf
configure:6243: gcc -o conftest -g -O2   conftest.c -lev -ludev  -lfuse -pthread   >&5
conftest.c:85:6: warning: conflicting types for built-in function 'snprintf'; expected 'int(char *, long unsigned int,  const char *, ...)' [-Wbuiltin-declaration-mismatch]
   85 | char snprintf ();
      |      ^~~~~~~~
conftest.c:77:1: note: 'snprintf' is declared in header '<stdio.h>'
   76 | #include <limits.h>
   77 | #undef snprintf
configure:6243: $? = 0
configure:6243: result: yes
configure:6249: checking for mkstemp
configure:6249: gcc -o conftest -g -O2   conftest.c -lev -ludev  -lfuse -pthread   >&5
configure:6249: $? = 0
configure:6249: result: yes
configure:6255: checking for gmtime_r
configure:6255: gcc -o conftest -g -O2   conftest.c -lev -ludev  -lfuse -pthread   >&5
configure:6255: $? = 0
configure:6255: result: yes
configure:6261: checking for localtime_r
configure:6261: result: yes
configure:6267: checking for strtok_r
configure:6267: gcc -o conftest -g -O2   conftest.c -lev -ludev  -lfuse -pthread   >&5
configure:6267: $? = 0
configure:6267: result: yes
configure:6273: checking for udev_monitor_filter_add_match_subsystem_devtype
configure:6273: gcc -o conftest -g -O2   conftest.c -lev -ludev  -lfuse -pthread   >&5
configure:6273: $? = 0
configure:6273: result: yes
configure:6464: checking that generated files are newer than configure
configure:6470: result: done
configure:6493: creating ./config.status

## ---------------------- ##
## Running config.status. ##
## ---------------------- ##

This file was extended by mhuxd config.status 0.56, which was
generated by GNU Autoconf 2.71.  Invocation command line was

  CONFIG_FILES    = 
  CONFIG_HEADERS  = 
  CONFIG_LINKS    = 
  CONFIG_COMMANDS = 
  $ ./config.status 

on runnervmwffz4

config.status:927: creating Makefile
config.status:927: creating src/Makefile
config.status:927: creating src/clearsilver/Makefile
config.status:927: creating webui/Makefile
config.status:927: creating config.h
config.status:1156: executing depfiles commands
config.status:1233: cd src       && sed -e '/# am--include-marker/d' Makefile         | make -f - am--depfiles
config.status:1238: $? = 0
config.status:1233: cd src/clearsilver       && sed -e '/# am--include-marker/d' Makefile         | make -f - am--depfiles
config.status:1238: $? = 0

## ---------------- ##
## Cache variables. ##
## ---------------- ##

ac_cv_build=x86_64-pc-linux-gnu
ac_cv_c_compiler_gnu=yes
ac_cv_c_inline=inline
ac_cv_c_int16_t=yes
ac_cv_c_int32_t=yes
ac_cv_c_int64_t=yes
ac_cv_c_int8_t=yes
ac_cv_c_uint16_t=yes
ac_cv_c_uint32_t=yes
ac_cv_c_uint64_t=yes
ac_cv_c_uint8_t=yes
ac_cv_env_CC_set=
ac_cv_env_CC_value=
ac_cv_env_CFLAGS_set=
ac_cv_env_CFLAGS_value=
ac_cv_env_CPPFLAGS_set=
ac_cv_env_CPPFLAGS_value=
ac_cv_env_FUSE_CFLAGS_set=
ac_cv_env_FUSE_CFLAGS_value=
ac_cv_env_FUSE_LIBS_set=
ac_cv_env_FUSE_LIBS_value=
ac_cv_env_LDFLAGS_set=
ac_cv_env_LDFLAGS_value=
ac_cv_env_LIBS_set=
ac_cv_env_LIBS_value=
ac_cv_env_PKG_CONFIG_LIBDIR_set=
ac_cv_env_PKG_CONFIG_LIBDIR_value=
ac_cv_env_PKG_CONFIG_PATH_set=
ac_cv_env_PKG_CONFIG_PATH_value=
ac_cv_env_PKG_CONFIG_set=
ac_cv_env_PKG_CONFIG_value=
ac_cv_env_UDEV_CFLAGS_set=
ac_cv_env_UDEV_CFLAGS_value=
ac_cv_env_UDEV_LIBS_set=
ac_cv_env_UDEV_LIBS_value=
ac_cv_env_build_alias_set=
ac_cv_env_build_alias_value=
ac_cv_env_host_alias_set=
ac_cv_env_host_alias_value=
ac_cv_env_target_alias_set=
ac_cv_env_target_alias_value=
ac_cv_func_bzero=yes
ac_cv_func_dup2=yes
ac_cv_func_fork=yes
ac_cv_func_fork_works=yes
ac_cv_func_gethostbyname=yes
ac_cv_func_gethostname=yes
ac_cv_func_gettimeofday=yes
ac_cv_func_gmtime_r=yes
ac_cv_func_localtime_r=yes
ac_cv_func_malloc_0_nonnull=yes
ac_cv_func_memchr=yes
ac_cv_func_memmove=yes
ac_cv_func_memset=yes
ac_cv_func_mkdir=yes
ac_cv_func_mkstemp=yes
ac_cv_func_realloc_0_nonnull=yes
ac_cv_func_regcomp=yes
ac_cv_func_rmdir=yes
ac_cv_func_snprintf=yes
ac_cv_func_socket=yes
ac_cv_func_stpcpy=yes
ac_cv_func_strcasecmp=yes
ac_cv_func_strchr=yes
ac_cv_func_strdup=yes
ac_cv_func_strerror=yes
ac_cv_func_strncasecmp=yes
ac_cv_func_strpbrk=yes
ac_cv_func_strrchr=yes
ac_cv_func_strstr=yes
ac_cv_func_strtok_r=yes
ac_cv_func_strtol=yes
ac_cv_func_strtoul=yes
ac_cv_func_udev_monitor_filter_add_match_subsystem_devtype=yes
ac_cv_func_vfork=yes
ac_cv_func_vfork_works=yes
ac_cv_func_vsnprintf=yes
ac_cv_header_ev_h=yes
ac_cv_header_fcntl_h=yes
ac_cv_header_inttypes_h=yes
ac_cv_header_libintl_h=yes
ac_cv_header_limits_h=yes
ac_cv_header_netdb_h=yes
ac_cv_header_netinet_in_h=yes
ac_cv_header_stddef_h=yes
ac_cv_header_stdint_h=yes
ac_cv_header_stdio_h=yes
ac_cv_header_stdlib_h=yes
ac_cv_header_string_h=yes
ac_cv_header_strings_h=yes
ac_cv_header_sys_file_h=yes
ac_cv_header_sys_ioctl_h=yes
ac_cv_header_sys_socket_h=yes
ac_cv_header_sys_stat_h=yes
ac_cv_header_sys_time_h=yes
ac_cv_header_sys_types_h=yes
ac_cv_header_termios_h=yes
ac_cv_header_unistd_h=yes
ac_cv_header_vfork_h=no
ac_cv_host=x86_64-pc-linux-gnu
ac_cv_lib_ev_ev_time=yes
ac_cv_objext=o
ac_cv_path_ac_pt_PKG_CONFIG=/usr/bin/pkg-config
ac_cv_path_install='/usr/bin/install -c'
ac_cv_path_mkdir=/usr/bin/mkdir
ac_cv_prog_AWK=gawk
ac_cv_prog_PKGCONF=yes
ac_cv_prog_ac_ct_AR=ar
ac_cv_prog_ac_ct_CC=gcc
ac_cv_prog_ac_ct_RANLIB=ranlib
ac_cv_prog_cc_c11=
ac_cv_prog_cc_g=yes
ac_cv_prog_cc_stdc=
ac_cv_prog_make_make_set=yes
ac_cv_type_mode_t=yes
ac_cv_type_off_t=yes
ac_cv_type_pid_t=yes
ac_cv_type_size_t=yes
ac_cv_type_ssize_t=yes
am_cv_CC_dependencies_compiler_type=gcc3
am_cv_ar_interface=ar
am_cv_make_support_nested_variables=yes
am_cv_prog_cc_c_o=yes
pkg_cv_FUSE_CFLAGS='-I/usr/include/fuse -D_FILE_OFFSET_BITS=64 '
pkg_cv_FUSE_LIBS='-lfuse -pthread '
pkg_cv_UDEV_CFLAGS=
pkg_cv_UDEV_LIBS='-ludev '

## ----------------- ##
## Output variables. ##
## ----------------- ##

ACLOCAL='${SHELL} '\''/home/runner/work/mhuxd/mhuxd/missing'\'' aclocal-1.16'
AMDEPBACKSLASH='\'
AMDEP_FALSE='#'
AMDEP_TRUE=''
AMTAR='$${TAR-tar}'
AM_BACKSLASH='\'
AM_DEFAULT_V='$(AM_DEFAULT_VERBOSITY)'
AM_DEFAULT_VERBOSITY='1'
AM_V='$(V)'
AR='ar'
AUTOCONF='${SHELL} '\''/home/runner/work/mhuxd/mhuxd/missing'\'' autoconf'
AUTOHEADER='${SHELL} '\''/home/runner/work/mhuxd/mhuxd/missing'\'' autoheader'
AUTOMAKE='${SHELL} '\''/home/runner/work/mhuxd/mhuxd/missing'\'' automake-1.16'
AWK='gawk'
CC='gcc'
CCDEPMODE='depmode=gcc3'
CFLAGS='-g -O2'
CPPFLAGS=''
CSCOPE='cscope'
CTAGS='ctags'
CYGPATH_W='echo'
DEFS='-DHAVE_CONFIG_H'
DEPDIR='.deps'
ECHO_C=''
ECHO_N='-n'
ECHO_T=''
ETAGS='etags'
EXEEXT=''
FUSE_CFLAGS='-I/usr/include/fuse -D_FILE_OFFSET_BITS=64  -DFUSE_USE_VERSION=28'
FUSE_LIBS='-lfuse -pthread '
HDFDIR='${datadir}/mhuxd/hdf'
INSTALL_DATA='${INSTALL} -m 644'
INSTALL_PROGRAM='${INSTALL}'
INSTALL_SCRIPT='${INSTALL}'
INSTALL_STRIP_PROGRAM='$(install_sh) -c -s'
LDFLAGS=''
LIBOBJS=''
LIBS='-lev -ludev  -lfuse -pthread  '
LOGDIR='${localstatedir}/log/mhuxd'
LTLIBOBJS=''
MAKEINFO='${SHELL} '\''/home/runner/work/mhuxd/mhuxd/missing'\'' makeinfo'
MKDIR_P='/usr/bin/mkdir -p'
OBJEXT='o'
PACKAGE='mhuxd'
PACKAGE_BUGREPORT='mhuxd@maxec.de'
PACKAGE_NAME='mhuxd'
PACKAGE_STRING='mhuxd 0.56'
PACKAGE_TARNAME='mhuxd'
PACKAGE_URL=''
PACKAGE_VERSION='0.56'
PATH_SEPARATOR=':'
PKGCONF='yes'
PKG_CONFIG='/usr/bin/pkg-config'
PKG_CONFIG_LIBDIR=''
PKG_CONFIG_PATH=''
RANLIB='ranlib'
RUNDIR='${localstatedir}/run/mhuxd'
SET_MAKE=''
SHELL='/bin/bash'
STATEDIR='${localstatedir}/lib/mhuxd'
STRIP=''
UDEV_CFLAGS=''
UDEV_LIBS='-ludev '
VERSION='0.56'
WEBUIDIR='${datadir}/mhuxd/webui'
ac_ct_AR='ar'
ac_ct_CC='gcc'
am__EXEEXT_FALSE=''
am__EXEEXT_TRUE='#'
am__fastdepCC_FALSE='#'
am__fastdepCC_TRUE=''
am__include='include'
am__isrc=''
am__leading_dot='.'
am__nodep='_no'
am__quote=''
am__tar='$${TAR-tar} chof - "$$tardir"'
am__untar='$${TAR-tar} xf -'
bindir='${exec_prefix}/bin'
build='x86_64-pc-linux-gnu'
build_alias=''
build_cpu='x86_64'
build_os='linux-gnu'
build_vendor='pc'
datadir='${datarootdir}'
datarootdir='${prefix}/share'
docdir='${datarootdir}/doc/${PACKAGE_TARNAME}'
dvidir='${docdir}'
exec_prefix='${prefix}'
host='x86_64-pc-linux-gnu'
host_alias=''
host_cpu='x86_64'
host_os='linux-gnu'
host_vendor='pc'
htmldir='${docdir}'
includedir='${prefix}/include'
infodir='${datarootdir}/info'
install_sh='${SHELL} /home/runner/work/mhuxd/mhuxd/install-sh'
libdir='${exec_prefix}/lib'
libexecdir='${exec_prefix}/libexec'
localedir='${datarootdir}/locale'
localstatedir='${prefix}/var'
mandir='${datarootdir}/man'
mkdir_p='$(MKDIR_P)'
oldincludedir='/usr/include'
pdfdir='${docdir}'
prefix='/usr/local'
program_transform_name='s,x,x,'
psdir='${docdir}'
runstatedir='${localstatedir}/run'
sbindir='${exec_prefix}/sbin'
sharedstatedir='${prefix}/com'
sysconfdir='${prefix}/etc'
target_alias=''

## ----------- ##
## confdefs.h. ##
## ----------- ##

/* confdefs.h */
#define PACKAGE_NAME "mhuxd"
#define PACKAGE_TARNAME "mhuxd"
#define PACKAGE_VERSION "0.56"
#define PACKAGE_STRING "mhuxd 0.56"
#define PACKAGE_BUGREPORT "mhuxd@maxec.de"
#define PACKAGE_URL ""
#define PACKAGE "mhuxd"
#define VERSION "0.56"
#define HAVE_STDIO_H 1
#define HAVE_STDLIB_H 1
#define HAVE_STRING_H 1
#define HAVE_INTTYPES_H 1
#define HAVE_STDINT_H 1
#define HAVE_STRINGS_H 1
#define HAVE_SYS_STAT_H 1
#define HAVE_SYS_TYPES_H 1
#define HAVE_UNISTD_H 1
#define STDC_HEADERS 1
#define HAVE_FCNTL_H 1
#define HAVE_LIMITS_H 1
#define HAVE_NETDB_H 1
#define HAVE_NETINET_IN_H 1
#define HAVE_STDDEF_H 1
#define HAVE_STDINT_H 1
#define HAVE_STDLIB_H 1
#define HAVE_STRING_H 1
#define HAVE_SYS_FILE_H 1
#define HAVE_SYS_IOCTL_H 1
#define HAVE_SYS_SOCKET_H 1
#define HAVE_SYS_TIME_H 1
#define HAVE_TERMIOS_H 1
#define HAVE_UNISTD_H 1
#define HAVE_LIBINTL_H 1
#define HAVE_EV_H 1
#define HAVE_LIBEV 1
#define HAVE_FORK 1
#define HAVE_VFORK 1
#define HAVE_WORKING_VFORK 1
#define HAVE_WORKING_FORK 1
#define HAVE_MALLOC 1
#define HAVE_REALLOC 1
#define HAVE_BZERO 1
#define HAVE_DUP2 1
#define HAVE_GETHOSTBYNAME 1
#define HAVE_GETHOSTNAME 1
#define HAVE_GETTIMEOFDAY 1
#define HAVE_LOCALTIME_R 1
#define HAVE_MEMCHR 1
#define HAVE_MEMMOVE 1
#define HAVE_MEMSET 1
#define HAVE_MKDIR 1
#define HAVE_REGCOMP 1
#define HAVE_RMDIR 1
#define HAVE_SOCKET 1
#define HAVE_STPCPY 1
#define HAVE_STRCASECMP 1
#define HAVE_STRCHR 1
#define HAVE_STRDUP 1
#define HAVE_STRERROR 1
#define HAVE_STRNCASECMP 1
#define HAVE_STRPBRK 1
#define HAVE_STRRCHR 1
#define HAVE_STRSTR 1
#define HAVE_STRTOL 1
#define HAVE_STRTOUL 1
#define HAVE_VSNPRINTF 1
#define HAVE_SNPRINTF 1
#define HAVE_MKSTEMP 1
#define HAVE_GMTIME_R 1
#define HAVE_LOCALTIME_R 1
#define HAVE_STRTOK_R 1
#define HAVE_UDEV_MONITOR_FILTER_ADD_MATCH_SUBSYSTEM_DEVTYPE 1

configure: exit 0
